\BOOKMARK [0][]{chapter.1}{Introducere}{}% 1
\BOOKMARK [0][]{chapter.2}{Arhitectura solutiei}{}% 2
\BOOKMARK [1][]{section.2.1}{Prezentare generala}{chapter.2}% 3
\BOOKMARK [2][]{subsection.2.1.1}{Baza de date}{section.2.1}% 4
\BOOKMARK [2][]{subsection.2.1.2}{Aplicatia Java}{section.2.1}% 5
\BOOKMARK [1][]{section.2.2}{Entitati}{chapter.2}% 6
\BOOKMARK [2][]{subsection.2.2.1}{Punctul de date}{section.2.2}% 7
\BOOKMARK [2][]{subsection.2.2.2}{Canalul de date}{section.2.2}% 8
\BOOKMARK [2][]{subsection.2.2.3}{Blocul de intrare}{section.2.2}% 9
\BOOKMARK [2][]{subsection.2.2.4}{Blocul de procesare}{section.2.2}% 10
\BOOKMARK [2][]{subsection.2.2.5}{Diagrama functie bloc\(FBD\)}{section.2.2}% 11
\BOOKMARK [1][]{section.2.3}{Primirea datelor}{chapter.2}% 12
\BOOKMARK [1][]{section.2.4}{Executarea unei diagrame}{chapter.2}% 13
\BOOKMARK [2][]{subsection.2.4.1}{Ordinea executiei blocurilor}{section.2.4}% 14
\BOOKMARK [2][]{subsection.2.4.2}{Generarea rezultatului}{section.2.4}% 15
\BOOKMARK [0][]{chapter.3}{Interfata aplicatiei}{}% 16
\BOOKMARK [0][]{chapter.4}{Implementarea Alegria}{}% 17
\BOOKMARK [1][]{section.4.1}{Aplicatia Web}{chapter.4}% 18
\BOOKMARK [2][]{subsection.4.1.1}{Securitate}{section.4.1}% 19
\BOOKMARK [2][]{subsection.4.1.2}{Management}{section.4.1}% 20
\BOOKMARK [3][]{subsubsection.4.1.2.1}{Managementul blocurilor de intrare}{subsection.4.1.2}% 21
\BOOKMARK [1][]{section.4.2}{Baza de date}{chapter.4}% 22
\BOOKMARK [0][]{chapter.5}{Studiu de caz: Smart Home}{}% 23
\BOOKMARK [0][]{chapter.6}{Concluzii}{}% 24
